<?xml version="1.0" encoding="UTF-8"?>
<testng-results skipped="0" failed="0" ignored="0" total="1" passed="1">
  <reporter-output>
  </reporter-output>
  <suite name="Surefire suite" duration-ms="27" started-at="2023-06-15T00:02:29 CDT" finished-at="2023-06-15T00:02:29 CDT">
    <groups>
    </groups>
    <test name="Surefire test" duration-ms="27" started-at="2023-06-15T00:02:29 CDT" finished-at="2023-06-15T00:02:29 CDT">
      <class name="com.izaanschool.AppTest">
        <test-method status="PASS" signature="testApp()" name="testApp" duration-ms="5" started-at="2023-06-15T00:02:29 CDT" finished-at="2023-06-15T00:02:29 CDT">
          <reporter-output>
          </reporter-output>
        </test-method> <!-- testApp -->
      </class> <!-- com.izaanschool.AppTest -->
    </test> <!-- Surefire test -->
  </suite> <!-- Surefire suite -->
</testng-results>
